<?xml version =	'1.0' encoding = 'ISO-8859-1'?>
<!-- Utilisation -->
<config>
	<!-- Aspects declaration -->
	<module name="aspects" >
		<aspect class="io.vertigo.commons.impl.transaction.VTransactionAspect"/>
	</module>
	
	<module name="dao">
		<component class="io.vertigo.ui.dao.movies.MovieDAO"/>
	    
	</module>
	
	<module name="services">
		<component api="MovieServices" class="io.vertigo.ui.services.movies.MovieServicesImpl"/>	
		<component api="UserServices" class="io.vertigo.ui.services.users.UserServicesImpl"/>
	</module>
	
 </config>